<?xml version="1.0" encoding="UTF-8"?>
<!-- Generated by org.testng.reporters.JUnitXMLReporter -->
<testsuite ignored="0" hostname="DESKTOP-COQPCFG" failures="0" tests="6" name="Surefire test" time="0.277" errors="0" timestamp="2024-07-17T02:02:55 GMT+04:00">
  <testcase classname="PersonTestNGTest" name="testIsTeenager" time="0.022"/>
  <testcase classname="PersonTestNGTest" name="testIsTeenager" time="0.034"/>
  <testcase classname="PersonTestNGTest" name="testIsTeenager" time="0.001"/>
  <testcase classname="PersonTestNGTest" name="testIsTeenager" time="0.001"/>
  <testcase classname="PersonTestNGTest" name="testIsTeenager" time="0.001"/>
  <testcase classname="PersonTestNGTest" name="testIsTeenager" time="0.003"/>
</testsuite> <!-- Surefire test -->
