<?xml version="1.0" encoding="UTF-8"?>
<testng-results ignored="0" total="6" passed="6" failed="0" skipped="0">
  <reporter-output>
  </reporter-output>
  <suite started-at="2024-07-17T02:02:54 GMT+04:00" name="Surefire suite" finished-at="2024-07-17T02:02:55 GMT+04:00" duration-ms="277">
    <groups>
    </groups>
    <test started-at="2024-07-17T02:02:54 GMT+04:00" name="Surefire test" finished-at="2024-07-17T02:02:55 GMT+04:00" duration-ms="277">
      <class name="PersonTestNGTest">
        <test-method is-config="true" signature="setUp()[pri:0, instance:PersonTestNGTest@4671e53b]" started-at="2024-07-17T02:02:54 GMT+04:00" name="setUp" finished-at="2024-07-17T02:02:54 GMT+04:00" duration-ms="30" status="PASS">
          <reporter-output>
          </reporter-output>
        </test-method> <!-- setUp -->
        <test-method signature="testIsTeenager()[pri:0, instance:PersonTestNGTest@4671e53b]" started-at="2024-07-17T02:02:54 GMT+04:00" name="testIsTeenager" finished-at="2024-07-17T02:02:54 GMT+04:00" duration-ms="22" status="PASS">
          <reporter-output>
          </reporter-output>
        </test-method> <!-- testIsTeenager -->
        <test-method is-config="true" signature="tearDown()[pri:0, instance:PersonTestNGTest@4671e53b]" started-at="2024-07-17T02:02:54 GMT+04:00" name="tearDown" finished-at="2024-07-17T02:02:54 GMT+04:00" duration-ms="2" status="PASS">
          <reporter-output>
          </reporter-output>
        </test-method> <!-- tearDown -->
        <test-method is-config="true" signature="setUp()[pri:0, instance:PersonTestNGTest@4671e53b]" started-at="2024-07-17T02:02:54 GMT+04:00" name="setUp" finished-at="2024-07-17T02:02:54 GMT+04:00" duration-ms="1" status="PASS">
          <reporter-output>
          </reporter-output>
        </test-method> <!-- setUp -->
        <test-method signature="testIsTeenager(int, boolean)[pri:0, instance:PersonTestNGTest@4671e53b]" started-at="2024-07-17T02:02:54 GMT+04:00" name="testIsTeenager" data-provider="ageTest" finished-at="2024-07-17T02:02:55 GMT+04:00" duration-ms="34" status="PASS">
          <params>
            <param index="0">
              <value>
                <![CDATA[10]]>
              </value>
            </param>
            <param index="1">
              <value>
                <![CDATA[true]]>
              </value>
            </param>
          </params>
          <reporter-output>
          </reporter-output>
        </test-method> <!-- testIsTeenager -->
        <test-method is-config="true" signature="tearDown()[pri:0, instance:PersonTestNGTest@4671e53b]" started-at="2024-07-17T02:02:55 GMT+04:00" name="tearDown" finished-at="2024-07-17T02:02:55 GMT+04:00" duration-ms="1" status="PASS">
          <reporter-output>
          </reporter-output>
        </test-method> <!-- tearDown -->
        <test-method is-config="true" signature="setUp()[pri:0, instance:PersonTestNGTest@4671e53b]" started-at="2024-07-17T02:02:55 GMT+04:00" name="setUp" finished-at="2024-07-17T02:02:55 GMT+04:00" duration-ms="0" status="PASS">
          <reporter-output>
          </reporter-output>
        </test-method> <!-- setUp -->
        <test-method signature="testIsTeenager(int, boolean)[pri:0, instance:PersonTestNGTest@4671e53b]" started-at="2024-07-17T02:02:55 GMT+04:00" name="testIsTeenager" data-provider="ageTest" finished-at="2024-07-17T02:02:55 GMT+04:00" duration-ms="1" status="PASS">
          <params>
            <param index="0">
              <value>
                <![CDATA[11]]>
              </value>
            </param>
            <param index="1">
              <value>
                <![CDATA[true]]>
              </value>
            </param>
          </params>
          <reporter-output>
          </reporter-output>
        </test-method> <!-- testIsTeenager -->
        <test-method is-config="true" signature="tearDown()[pri:0, instance:PersonTestNGTest@4671e53b]" started-at="2024-07-17T02:02:55 GMT+04:00" name="tearDown" finished-at="2024-07-17T02:02:55 GMT+04:00" duration-ms="0" status="PASS">
          <reporter-output>
          </reporter-output>
        </test-method> <!-- tearDown -->
        <test-method is-config="true" signature="setUp()[pri:0, instance:PersonTestNGTest@4671e53b]" started-at="2024-07-17T02:02:55 GMT+04:00" name="setUp" finished-at="2024-07-17T02:02:55 GMT+04:00" duration-ms="1" status="PASS">
          <reporter-output>
          </reporter-output>
        </test-method> <!-- setUp -->
        <test-method signature="testIsTeenager(int, boolean)[pri:0, instance:PersonTestNGTest@4671e53b]" started-at="2024-07-17T02:02:55 GMT+04:00" name="testIsTeenager" data-provider="ageTest" finished-at="2024-07-17T02:02:55 GMT+04:00" duration-ms="1" status="PASS">
          <params>
            <param index="0">
              <value>
                <![CDATA[12]]>
              </value>
            </param>
            <param index="1">
              <value>
                <![CDATA[true]]>
              </value>
            </param>
          </params>
          <reporter-output>
          </reporter-output>
        </test-method> <!-- testIsTeenager -->
        <test-method is-config="true" signature="tearDown()[pri:0, instance:PersonTestNGTest@4671e53b]" started-at="2024-07-17T02:02:55 GMT+04:00" name="tearDown" finished-at="2024-07-17T02:02:55 GMT+04:00" duration-ms="1" status="PASS">
          <reporter-output>
          </reporter-output>
        </test-method> <!-- tearDown -->
        <test-method is-config="true" signature="setUp()[pri:0, instance:PersonTestNGTest@4671e53b]" started-at="2024-07-17T02:02:55 GMT+04:00" name="setUp" finished-at="2024-07-17T02:02:55 GMT+04:00" duration-ms="1" status="PASS">
          <reporter-output>
          </reporter-output>
        </test-method> <!-- setUp -->
        <test-method signature="testIsTeenager(int, boolean)[pri:0, instance:PersonTestNGTest@4671e53b]" started-at="2024-07-17T02:02:55 GMT+04:00" name="testIsTeenager" data-provider="ageTest" finished-at="2024-07-17T02:02:55 GMT+04:00" duration-ms="1" status="PASS">
          <params>
            <param index="0">
              <value>
                <![CDATA[13]]>
              </value>
            </param>
            <param index="1">
              <value>
                <![CDATA[true]]>
              </value>
            </param>
          </params>
          <reporter-output>
          </reporter-output>
        </test-method> <!-- testIsTeenager -->
        <test-method is-config="true" signature="tearDown()[pri:0, instance:PersonTestNGTest@4671e53b]" started-at="2024-07-17T02:02:55 GMT+04:00" name="tearDown" finished-at="2024-07-17T02:02:55 GMT+04:00" duration-ms="1" status="PASS">
          <reporter-output>
          </reporter-output>
        </test-method> <!-- tearDown -->
        <test-method is-config="true" signature="setUp()[pri:0, instance:PersonTestNGTest@4671e53b]" started-at="2024-07-17T02:02:55 GMT+04:00" name="setUp" finished-at="2024-07-17T02:02:55 GMT+04:00" duration-ms="0" status="PASS">
          <reporter-output>
          </reporter-output>
        </test-method> <!-- setUp -->
        <test-method signature="testIsTeenager(int, boolean)[pri:0, instance:PersonTestNGTest@4671e53b]" started-at="2024-07-17T02:02:55 GMT+04:00" name="testIsTeenager" data-provider="ageTest" finished-at="2024-07-17T02:02:55 GMT+04:00" duration-ms="3" status="PASS">
          <params>
            <param index="0">
              <value>
                <![CDATA[25]]>
              </value>
            </param>
            <param index="1">
              <value>
                <![CDATA[false]]>
              </value>
            </param>
          </params>
          <reporter-output>
          </reporter-output>
        </test-method> <!-- testIsTeenager -->
        <test-method is-config="true" signature="tearDown()[pri:0, instance:PersonTestNGTest@4671e53b]" started-at="2024-07-17T02:02:55 GMT+04:00" name="tearDown" finished-at="2024-07-17T02:02:55 GMT+04:00" duration-ms="1" status="PASS">
          <reporter-output>
          </reporter-output>
        </test-method> <!-- tearDown -->
      </class> <!-- PersonTestNGTest -->
    </test> <!-- Surefire test -->
  </suite> <!-- Surefire suite -->
</testng-results>
